<?xml version="1.0" encoding="UTF-8"?>
<robot generator="Robot 3.1.2 (Python 3.7.4 on win32)" generated="20191217 18:38:56.136" rpa="false">
<suite id="s1" name="Testcases" source="D:\py_project\Robot-Framework\Robot-framework-poc\testcases">
<suite id="s1-s1" name="Web" source="D:\py_project\Robot-Framework\Robot-framework-poc\testcases\web">
<suite id="s1-s1-s1" name="Login Tests" source="D:\py_project\Robot-Framework\Robot-framework-poc\testcases\web\login_tests.robot">
<test id="s1-s1-s1-t1" name="Test Login into the application with valid credentials">
<kw name="open &quot;https://s1.demo.opensourcecms.com/wordpress/wp-admin/&quot; in Browser &quot;chrome&quot;" library="common" type="setup">
<doc>Open GitHub URL with specified browser</doc>
<kw name="Run Keyword If" library="BuiltIn">
<doc>Runs the given keyword with the given arguments, if ``condition`` is true.</doc>
<arguments>
<arg>'${browser.lower()}' == 'chrome'</arg>
<arg>Open Chrome Browser</arg>
<arg>${url}</arg>
<arg>ELSE</arg>
<arg>Open Other Browsers</arg>
<arg>${url}</arg>
<arg>${browser}</arg>
</arguments>
<kw name="Open Chrome Browser" library="common">
<doc>Open Chrome Browser with headless mode</doc>
<arguments>
<arg>${url}</arg>
</arguments>
<kw name="Set Chrome Options" library="common">
<doc>Set Chrome Options for headless mode</doc>
<assign>
<var>${chrome_options}</var>
</assign>
<kw name="Evaluate" library="BuiltIn">
<doc>Evaluates the given expression in Python and returns the results.</doc>
<arguments>
<arg>sys.modules['selenium.webdriver'].ChromeOptions()</arg>
<arg>sys, selenium.webdriver</arg>
</arguments>
<assign>
<var>${options}</var>
</assign>
<msg timestamp="20191217 18:38:56.402" level="INFO">${options} = &lt;selenium.webdriver.chrome.options.Options object at 0x042715B0&gt;</msg>
<status status="PASS" starttime="20191217 18:38:56.402" endtime="20191217 18:38:56.402"></status>
</kw>
<kw name="${option} IN [ @{chrome_options} ]" type="for">
<kw name="${option} = --disable-gpu" type="foritem">
<kw name="Call Method" library="BuiltIn">
<doc>Calls the named method of the given object with the provided arguments.</doc>
<arguments>
<arg>${options}</arg>
<arg>add_argument</arg>
<arg>${option}</arg>
</arguments>
<status status="PASS" starttime="20191217 18:38:56.402" endtime="20191217 18:38:56.402"></status>
</kw>
<status status="PASS" starttime="20191217 18:38:56.402" endtime="20191217 18:38:56.402"></status>
</kw>
<status status="PASS" starttime="20191217 18:38:56.402" endtime="20191217 18:38:56.402"></status>
</kw>
<msg timestamp="20191217 18:38:56.403" level="INFO">${chrome_options} = &lt;selenium.webdriver.chrome.options.Options object at 0x042715B0&gt;</msg>
<status status="PASS" starttime="20191217 18:38:56.401" endtime="20191217 18:38:56.403"></status>
</kw>
<kw name="set chrome driver" library="imports">
<doc>sets chromedriver in path</doc>
<assign>
<var>${chromedriver}</var>
</assign>
<kw name="Set Global Variable" library="BuiltIn">
<doc>Makes a variable available globally in all tests and suites.</doc>
<arguments>
<arg>${chromedriver}</arg>
<arg>${EMPTY}</arg>
</arguments>
<msg timestamp="20191217 18:38:56.404" level="INFO">${chromedriver} = </msg>
<status status="PASS" starttime="20191217 18:38:56.403" endtime="20191217 18:38:56.404"></status>
</kw>
<kw name="Join Path" library="OperatingSystem">
<doc>Joins the given path part(s) to the given base path.</doc>
<arguments>
<arg>D:\\py_project\\Robot-Framework\\Robot-framework-poc\\resources</arg>
<arg>drivers</arg>
<arg>chromedriver.exe</arg>
</arguments>
<assign>
<var>${chromedriver}</var>
</assign>
<msg timestamp="20191217 18:38:56.404" level="INFO">${chromedriver} = D:\py_project\Robot-Framework\Robot-framework-poc\resources\drivers\chromedriver.exe</msg>
<status status="PASS" starttime="20191217 18:38:56.404" endtime="20191217 18:38:56.404"></status>
</kw>
<kw name="Set Environment Variable" library="OperatingSystem">
<doc>Sets an environment variable to a specified value.</doc>
<arguments>
<arg>webdriver.chrome.driver</arg>
<arg>${chromedriver}</arg>
</arguments>
<msg timestamp="20191217 18:38:56.404" level="INFO">Environment variable 'webdriver.chrome.driver' set to value 'D:\py_project\Robot-Framework\Robot-framework-poc\resources\drivers\chromedriver.exe'.</msg>
<status status="PASS" starttime="20191217 18:38:56.404" endtime="20191217 18:38:56.404"></status>
</kw>
<msg timestamp="20191217 18:38:56.405" level="INFO">${chromedriver} = D:\py_project\Robot-Framework\Robot-framework-poc\resources\drivers\chromedriver.exe</msg>
<status status="PASS" starttime="20191217 18:38:56.403" endtime="20191217 18:38:56.405"></status>
</kw>
<kw name="Create Webdriver" library="SeleniumLibrary">
<doc>Creates an instance of Selenium WebDriver.</doc>
<arguments>
<arg>Chrome</arg>
<arg>executable_path=${chromedriver}</arg>
<arg>chrome_options=${chrome_options}</arg>
</arguments>
<msg timestamp="20191217 18:38:56.405" level="INFO">Creating an instance of the Chrome WebDriver.</msg>
<status status="PASS" starttime="20191217 18:38:56.405" endtime="20191217 18:38:58.522"></status>
</kw>
<kw name="Maximize Browser Window" library="SeleniumLibrary">
<doc>Maximizes current browser window.</doc>
<status status="PASS" starttime="20191217 18:38:58.522" endtime="20191217 18:38:59.664"></status>
</kw>
<kw name="Go To" library="SeleniumLibrary">
<doc>Navigates the current browser window to the provided ``url``.</doc>
<arguments>
<arg>${url}</arg>
</arguments>
<msg timestamp="20191217 18:38:59.664" level="INFO">Opening url 'https://s1.demo.opensourcecms.com/wordpress/wp-admin/'</msg>
<status status="PASS" starttime="20191217 18:38:59.664" endtime="20191217 18:39:01.917"></status>
</kw>
<status status="PASS" starttime="20191217 18:38:56.401" endtime="20191217 18:39:01.917"></status>
</kw>
<status status="PASS" starttime="20191217 18:38:56.401" endtime="20191217 18:39:01.917"></status>
</kw>
<kw name="Title Should Be" library="SeleniumLibrary">
<doc>Verifies that the current page title equals ``title``.</doc>
<arguments>
<arg>${login_title}</arg>
<arg>message=None</arg>
</arguments>
<msg timestamp="20191217 18:39:01.925" level="INFO">Page title is 'Log In ‹ Inspe — WordPress'.</msg>
<status status="PASS" starttime="20191217 18:39:01.918" endtime="20191217 18:39:01.925"></status>
</kw>
<status status="PASS" starttime="20191217 18:38:56.400" endtime="20191217 18:39:01.925"></status>
</kw>
<kw name="Login to application" library="login_page">
<doc>Login to wordpress Application</doc>
<arguments>
<arg>${username}</arg>
<arg>${password}</arg>
</arguments>
<kw name="Input Username" library="login_page">
<doc>Inputs username on login page</doc>
<arguments>
<arg>${username}</arg>
</arguments>
<kw name="Input Text" library="SeleniumLibrary">
<doc>Types the given ``text`` into the text field identified by ``locator``.</doc>
<arguments>
<arg>${username_field}</arg>
<arg>${username}</arg>
</arguments>
<msg timestamp="20191217 18:39:01.926" level="INFO">Typing text 'opensourcecms' into text field 'id=user_login'.</msg>
<status status="PASS" starttime="20191217 18:39:01.926" endtime="20191217 18:39:02.013"></status>
</kw>
<status status="PASS" starttime="20191217 18:39:01.926" endtime="20191217 18:39:02.013"></status>
</kw>
<kw name="Input Password" library="login_page">
<doc>Inputs password in password field in loginpage</doc>
<arguments>
<arg>${password}</arg>
</arguments>
<kw name="Input Text" library="SeleniumLibrary">
<doc>Types the given ``text`` into the text field identified by ``locator``.</doc>
<arguments>
<arg>${password_field}</arg>
<arg>${password}</arg>
</arguments>
<msg timestamp="20191217 18:39:02.014" level="INFO">Typing text 'opensourcecms' into text field 'id=user_pass'.</msg>
<status status="PASS" starttime="20191217 18:39:02.013" endtime="20191217 18:39:02.109"></status>
</kw>
<status status="PASS" starttime="20191217 18:39:02.013" endtime="20191217 18:39:02.109"></status>
</kw>
<kw name="Submit Credentials" library="login_page">
<doc>clicks on submit btn on login page</doc>
<kw name="Click Button" library="SeleniumLibrary">
<doc>Clicks the button identified by ``locator``.</doc>
<arguments>
<arg>${login_button}</arg>
</arguments>
<msg timestamp="20191217 18:39:02.110" level="INFO">Clicking button 'name=wp-submit'.</msg>
<status status="PASS" starttime="20191217 18:39:02.110" endtime="20191217 18:39:04.189"></status>
</kw>
<status status="PASS" starttime="20191217 18:39:02.110" endtime="20191217 18:39:04.189"></status>
</kw>
<status status="PASS" starttime="20191217 18:39:01.925" endtime="20191217 18:39:04.190"></status>
</kw>
<kw name="Welcome Page Should Be Open" library="login_page">
<doc>checks Welcome page is open after login</doc>
<kw name="Title Should Be" library="SeleniumLibrary">
<doc>Verifies that the current page title equals ``title``.</doc>
<arguments>
<arg>${dashboard_title}</arg>
</arguments>
<msg timestamp="20191217 18:39:04.209" level="INFO">Page title is 'Dashboard ‹ Inspe — WordPress'.</msg>
<status status="PASS" starttime="20191217 18:39:04.192" endtime="20191217 18:39:04.210"></status>
</kw>
<status status="PASS" starttime="20191217 18:39:04.191" endtime="20191217 18:39:04.210"></status>
</kw>
<kw name="Close Browser" library="SeleniumLibrary" type="teardown">
<doc>Closes the current browser.</doc>
<status status="PASS" starttime="20191217 18:39:04.211" endtime="20191217 18:39:06.414"></status>
</kw>
<tags>
<tag>login</tag>
<tag>smoke</tag>
<tag>sprint-1</tag>
<tag>web</tag>
</tags>
<status status="PASS" starttime="20191217 18:38:56.400" endtime="20191217 18:39:06.415" critical="yes"></status>
</test>
<test id="s1-s1-s1-t2" name="Test Login into the application with invalid credentials">
<kw name="open &quot;https://s1.demo.opensourcecms.com/wordpress/wp-admin/&quot; in Browser &quot;chrome&quot;" library="common" type="setup">
<doc>Open GitHub URL with specified browser</doc>
<kw name="Run Keyword If" library="BuiltIn">
<doc>Runs the given keyword with the given arguments, if ``condition`` is true.</doc>
<arguments>
<arg>'${browser.lower()}' == 'chrome'</arg>
<arg>Open Chrome Browser</arg>
<arg>${url}</arg>
<arg>ELSE</arg>
<arg>Open Other Browsers</arg>
<arg>${url}</arg>
<arg>${browser}</arg>
</arguments>
<kw name="Open Chrome Browser" library="common">
<doc>Open Chrome Browser with headless mode</doc>
<arguments>
<arg>${url}</arg>
</arguments>
<kw name="Set Chrome Options" library="common">
<doc>Set Chrome Options for headless mode</doc>
<assign>
<var>${chrome_options}</var>
</assign>
<kw name="Evaluate" library="BuiltIn">
<doc>Evaluates the given expression in Python and returns the results.</doc>
<arguments>
<arg>sys.modules['selenium.webdriver'].ChromeOptions()</arg>
<arg>sys, selenium.webdriver</arg>
</arguments>
<assign>
<var>${options}</var>
</assign>
<msg timestamp="20191217 18:39:06.426" level="INFO">${options} = &lt;selenium.webdriver.chrome.options.Options object at 0x04271290&gt;</msg>
<status status="PASS" starttime="20191217 18:39:06.426" endtime="20191217 18:39:06.426"></status>
</kw>
<kw name="${option} IN [ @{chrome_options} ]" type="for">
<kw name="${option} = --disable-gpu" type="foritem">
<kw name="Call Method" library="BuiltIn">
<doc>Calls the named method of the given object with the provided arguments.</doc>
<arguments>
<arg>${options}</arg>
<arg>add_argument</arg>
<arg>${option}</arg>
</arguments>
<status status="PASS" starttime="20191217 18:39:06.426" endtime="20191217 18:39:06.426"></status>
</kw>
<status status="PASS" starttime="20191217 18:39:06.426" endtime="20191217 18:39:06.426"></status>
</kw>
<status status="PASS" starttime="20191217 18:39:06.426" endtime="20191217 18:39:06.426"></status>
</kw>
<msg timestamp="20191217 18:39:06.426" level="INFO">${chrome_options} = &lt;selenium.webdriver.chrome.options.Options object at 0x04271290&gt;</msg>
<status status="PASS" starttime="20191217 18:39:06.425" endtime="20191217 18:39:06.426"></status>
</kw>
<kw name="set chrome driver" library="imports">
<doc>sets chromedriver in path</doc>
<assign>
<var>${chromedriver}</var>
</assign>
<kw name="Set Global Variable" library="BuiltIn">
<doc>Makes a variable available globally in all tests and suites.</doc>
<arguments>
<arg>${chromedriver}</arg>
<arg>${EMPTY}</arg>
</arguments>
<msg timestamp="20191217 18:39:06.427" level="INFO">${chromedriver} = </msg>
<status status="PASS" starttime="20191217 18:39:06.427" endtime="20191217 18:39:06.427"></status>
</kw>
<kw name="Join Path" library="OperatingSystem">
<doc>Joins the given path part(s) to the given base path.</doc>
<arguments>
<arg>D:\\py_project\\Robot-Framework\\Robot-framework-poc\\resources</arg>
<arg>drivers</arg>
<arg>chromedriver.exe</arg>
</arguments>
<assign>
<var>${chromedriver}</var>
</assign>
<msg timestamp="20191217 18:39:06.427" level="INFO">${chromedriver} = D:\py_project\Robot-Framework\Robot-framework-poc\resources\drivers\chromedriver.exe</msg>
<status status="PASS" starttime="20191217 18:39:06.427" endtime="20191217 18:39:06.427"></status>
</kw>
<kw name="Set Environment Variable" library="OperatingSystem">
<doc>Sets an environment variable to a specified value.</doc>
<arguments>
<arg>webdriver.chrome.driver</arg>
<arg>${chromedriver}</arg>
</arguments>
<msg timestamp="20191217 18:39:06.428" level="INFO">Environment variable 'webdriver.chrome.driver' set to value 'D:\py_project\Robot-Framework\Robot-framework-poc\resources\drivers\chromedriver.exe'.</msg>
<status status="PASS" starttime="20191217 18:39:06.428" endtime="20191217 18:39:06.428"></status>
</kw>
<msg timestamp="20191217 18:39:06.428" level="INFO">${chromedriver} = D:\py_project\Robot-Framework\Robot-framework-poc\resources\drivers\chromedriver.exe</msg>
<status status="PASS" starttime="20191217 18:39:06.427" endtime="20191217 18:39:06.428"></status>
</kw>
<kw name="Create Webdriver" library="SeleniumLibrary">
<doc>Creates an instance of Selenium WebDriver.</doc>
<arguments>
<arg>Chrome</arg>
<arg>executable_path=${chromedriver}</arg>
<arg>chrome_options=${chrome_options}</arg>
</arguments>
<msg timestamp="20191217 18:39:06.428" level="INFO">Creating an instance of the Chrome WebDriver.</msg>
<status status="PASS" starttime="20191217 18:39:06.428" endtime="20191217 18:39:08.558"></status>
</kw>
<kw name="Maximize Browser Window" library="SeleniumLibrary">
<doc>Maximizes current browser window.</doc>
<status status="PASS" starttime="20191217 18:39:08.558" endtime="20191217 18:39:09.683"></status>
</kw>
<kw name="Go To" library="SeleniumLibrary">
<doc>Navigates the current browser window to the provided ``url``.</doc>
<arguments>
<arg>${url}</arg>
</arguments>
<msg timestamp="20191217 18:39:09.684" level="INFO">Opening url 'https://s1.demo.opensourcecms.com/wordpress/wp-admin/'</msg>
<status status="PASS" starttime="20191217 18:39:09.683" endtime="20191217 18:39:11.722"></status>
</kw>
<status status="PASS" starttime="20191217 18:39:06.425" endtime="20191217 18:39:11.722"></status>
</kw>
<status status="PASS" starttime="20191217 18:39:06.424" endtime="20191217 18:39:11.722"></status>
</kw>
<kw name="Title Should Be" library="SeleniumLibrary">
<doc>Verifies that the current page title equals ``title``.</doc>
<arguments>
<arg>${login_title}</arg>
<arg>message=None</arg>
</arguments>
<msg timestamp="20191217 18:39:11.730" level="INFO">Page title is 'Log In ‹ Inspe — WordPress'.</msg>
<status status="PASS" starttime="20191217 18:39:11.722" endtime="20191217 18:39:11.730"></status>
</kw>
<status status="PASS" starttime="20191217 18:39:06.423" endtime="20191217 18:39:11.730"></status>
</kw>
<kw name="Login to application" library="login_page">
<doc>Login to wordpress Application</doc>
<arguments>
<arg>${username}</arg>
<arg>absclsk</arg>
</arguments>
<kw name="Input Username" library="login_page">
<doc>Inputs username on login page</doc>
<arguments>
<arg>${username}</arg>
</arguments>
<kw name="Input Text" library="SeleniumLibrary">
<doc>Types the given ``text`` into the text field identified by ``locator``.</doc>
<arguments>
<arg>${username_field}</arg>
<arg>${username}</arg>
</arguments>
<msg timestamp="20191217 18:39:11.733" level="INFO">Typing text 'opensourcecms' into text field 'id=user_login'.</msg>
<status status="PASS" starttime="20191217 18:39:11.733" endtime="20191217 18:39:11.822"></status>
</kw>
<status status="PASS" starttime="20191217 18:39:11.732" endtime="20191217 18:39:11.822"></status>
</kw>
<kw name="Input Password" library="login_page">
<doc>Inputs password in password field in loginpage</doc>
<arguments>
<arg>${password}</arg>
</arguments>
<kw name="Input Text" library="SeleniumLibrary">
<doc>Types the given ``text`` into the text field identified by ``locator``.</doc>
<arguments>
<arg>${password_field}</arg>
<arg>${password}</arg>
</arguments>
<msg timestamp="20191217 18:39:11.823" level="INFO">Typing text 'absclsk' into text field 'id=user_pass'.</msg>
<status status="PASS" starttime="20191217 18:39:11.823" endtime="20191217 18:39:11.903"></status>
</kw>
<status status="PASS" starttime="20191217 18:39:11.823" endtime="20191217 18:39:11.904"></status>
</kw>
<kw name="Submit Credentials" library="login_page">
<doc>clicks on submit btn on login page</doc>
<kw name="Click Button" library="SeleniumLibrary">
<doc>Clicks the button identified by ``locator``.</doc>
<arguments>
<arg>${login_button}</arg>
</arguments>
<msg timestamp="20191217 18:39:11.904" level="INFO">Clicking button 'name=wp-submit'.</msg>
<status status="PASS" starttime="20191217 18:39:11.904" endtime="20191217 18:39:12.260"></status>
</kw>
<status status="PASS" starttime="20191217 18:39:11.904" endtime="20191217 18:39:12.260"></status>
</kw>
<status status="PASS" starttime="20191217 18:39:11.732" endtime="20191217 18:39:12.260"></status>
</kw>
<kw name="Welcome Page Should not Open" library="login_page">
<doc>checks Welcome page is open after login</doc>
<kw name="Page Should Not Contain Element" library="SeleniumLibrary">
<doc>Verifies that element ``locator`` is found on the current page.</doc>
<arguments>
<arg>${sb_dashboard_link}</arg>
</arguments>
<msg timestamp="20191217 18:39:12.276" level="INFO">Current page does not contain element 'xpath=//div[@text='Dashboard']'.</msg>
<status status="PASS" starttime="20191217 18:39:12.262" endtime="20191217 18:39:12.276"></status>
</kw>
<status status="PASS" starttime="20191217 18:39:12.261" endtime="20191217 18:39:12.276"></status>
</kw>
<kw name="Close Browser" library="SeleniumLibrary" type="teardown">
<doc>Closes the current browser.</doc>
<status status="PASS" starttime="20191217 18:39:12.277" endtime="20191217 18:39:14.495"></status>
</kw>
<tags>
<tag>login</tag>
<tag>regression</tag>
<tag>sprint-1</tag>
<tag>web</tag>
</tags>
<status status="PASS" starttime="20191217 18:39:06.420" endtime="20191217 18:39:14.496" critical="yes"></status>
</test>
<test id="s1-s1-s1-t3" name="Test Login into the application with blank creadentials">
<kw name="open &quot;https://s1.demo.opensourcecms.com/wordpress/wp-admin/&quot; in Browser &quot;chrome&quot;" library="common" type="setup">
<doc>Open GitHub URL with specified browser</doc>
<kw name="Run Keyword If" library="BuiltIn">
<doc>Runs the given keyword with the given arguments, if ``condition`` is true.</doc>
<arguments>
<arg>'${browser.lower()}' == 'chrome'</arg>
<arg>Open Chrome Browser</arg>
<arg>${url}</arg>
<arg>ELSE</arg>
<arg>Open Other Browsers</arg>
<arg>${url}</arg>
<arg>${browser}</arg>
</arguments>
<kw name="Open Chrome Browser" library="common">
<doc>Open Chrome Browser with headless mode</doc>
<arguments>
<arg>${url}</arg>
</arguments>
<kw name="Set Chrome Options" library="common">
<doc>Set Chrome Options for headless mode</doc>
<assign>
<var>${chrome_options}</var>
</assign>
<kw name="Evaluate" library="BuiltIn">
<doc>Evaluates the given expression in Python and returns the results.</doc>
<arguments>
<arg>sys.modules['selenium.webdriver'].ChromeOptions()</arg>
<arg>sys, selenium.webdriver</arg>
</arguments>
<assign>
<var>${options}</var>
</assign>
<msg timestamp="20191217 18:39:14.500" level="INFO">${options} = &lt;selenium.webdriver.chrome.options.Options object at 0x0424D2F0&gt;</msg>
<status status="PASS" starttime="20191217 18:39:14.500" endtime="20191217 18:39:14.500"></status>
</kw>
<kw name="${option} IN [ @{chrome_options} ]" type="for">
<kw name="${option} = --disable-gpu" type="foritem">
<kw name="Call Method" library="BuiltIn">
<doc>Calls the named method of the given object with the provided arguments.</doc>
<arguments>
<arg>${options}</arg>
<arg>add_argument</arg>
<arg>${option}</arg>
</arguments>
<status status="PASS" starttime="20191217 18:39:14.500" endtime="20191217 18:39:14.501"></status>
</kw>
<status status="PASS" starttime="20191217 18:39:14.500" endtime="20191217 18:39:14.501"></status>
</kw>
<status status="PASS" starttime="20191217 18:39:14.500" endtime="20191217 18:39:14.501"></status>
</kw>
<msg timestamp="20191217 18:39:14.501" level="INFO">${chrome_options} = &lt;selenium.webdriver.chrome.options.Options object at 0x0424D2F0&gt;</msg>
<status status="PASS" starttime="20191217 18:39:14.499" endtime="20191217 18:39:14.501"></status>
</kw>
<kw name="set chrome driver" library="imports">
<doc>sets chromedriver in path</doc>
<assign>
<var>${chromedriver}</var>
</assign>
<kw name="Set Global Variable" library="BuiltIn">
<doc>Makes a variable available globally in all tests and suites.</doc>
<arguments>
<arg>${chromedriver}</arg>
<arg>${EMPTY}</arg>
</arguments>
<msg timestamp="20191217 18:39:14.502" level="INFO">${chromedriver} = </msg>
<status status="PASS" starttime="20191217 18:39:14.501" endtime="20191217 18:39:14.502"></status>
</kw>
<kw name="Join Path" library="OperatingSystem">
<doc>Joins the given path part(s) to the given base path.</doc>
<arguments>
<arg>D:\\py_project\\Robot-Framework\\Robot-framework-poc\\resources</arg>
<arg>drivers</arg>
<arg>chromedriver.exe</arg>
</arguments>
<assign>
<var>${chromedriver}</var>
</assign>
<msg timestamp="20191217 18:39:14.502" level="INFO">${chromedriver} = D:\py_project\Robot-Framework\Robot-framework-poc\resources\drivers\chromedriver.exe</msg>
<status status="PASS" starttime="20191217 18:39:14.502" endtime="20191217 18:39:14.502"></status>
</kw>
<kw name="Set Environment Variable" library="OperatingSystem">
<doc>Sets an environment variable to a specified value.</doc>
<arguments>
<arg>webdriver.chrome.driver</arg>
<arg>${chromedriver}</arg>
</arguments>
<msg timestamp="20191217 18:39:14.503" level="INFO">Environment variable 'webdriver.chrome.driver' set to value 'D:\py_project\Robot-Framework\Robot-framework-poc\resources\drivers\chromedriver.exe'.</msg>
<status status="PASS" starttime="20191217 18:39:14.502" endtime="20191217 18:39:14.503"></status>
</kw>
<msg timestamp="20191217 18:39:14.503" level="INFO">${chromedriver} = D:\py_project\Robot-Framework\Robot-framework-poc\resources\drivers\chromedriver.exe</msg>
<status status="PASS" starttime="20191217 18:39:14.501" endtime="20191217 18:39:14.503"></status>
</kw>
<kw name="Create Webdriver" library="SeleniumLibrary">
<doc>Creates an instance of Selenium WebDriver.</doc>
<arguments>
<arg>Chrome</arg>
<arg>executable_path=${chromedriver}</arg>
<arg>chrome_options=${chrome_options}</arg>
</arguments>
<msg timestamp="20191217 18:39:14.503" level="INFO">Creating an instance of the Chrome WebDriver.</msg>
<status status="PASS" starttime="20191217 18:39:14.503" endtime="20191217 18:39:16.673"></status>
</kw>
<kw name="Maximize Browser Window" library="SeleniumLibrary">
<doc>Maximizes current browser window.</doc>
<status status="PASS" starttime="20191217 18:39:16.673" endtime="20191217 18:39:17.794"></status>
</kw>
<kw name="Go To" library="SeleniumLibrary">
<doc>Navigates the current browser window to the provided ``url``.</doc>
<arguments>
<arg>${url}</arg>
</arguments>
<msg timestamp="20191217 18:39:17.794" level="INFO">Opening url 'https://s1.demo.opensourcecms.com/wordpress/wp-admin/'</msg>
<status status="PASS" starttime="20191217 18:39:17.794" endtime="20191217 18:39:19.644"></status>
</kw>
<status status="PASS" starttime="20191217 18:39:14.499" endtime="20191217 18:39:19.645"></status>
</kw>
<status status="PASS" starttime="20191217 18:39:14.498" endtime="20191217 18:39:19.645"></status>
</kw>
<kw name="Title Should Be" library="SeleniumLibrary">
<doc>Verifies that the current page title equals ``title``.</doc>
<arguments>
<arg>${login_title}</arg>
<arg>message=None</arg>
</arguments>
<msg timestamp="20191217 18:39:19.659" level="INFO">Page title is 'Log In ‹ Inspe — WordPress'.</msg>
<status status="PASS" starttime="20191217 18:39:19.645" endtime="20191217 18:39:19.659"></status>
</kw>
<status status="PASS" starttime="20191217 18:39:14.498" endtime="20191217 18:39:19.659"></status>
</kw>
<kw name="Login to application" library="login_page">
<doc>Login to wordpress Application</doc>
<arguments>
<arg>${EMPTY}</arg>
<arg>${EMPTY}</arg>
</arguments>
<kw name="Input Username" library="login_page">
<doc>Inputs username on login page</doc>
<arguments>
<arg>${username}</arg>
</arguments>
<kw name="Input Text" library="SeleniumLibrary">
<doc>Types the given ``text`` into the text field identified by ``locator``.</doc>
<arguments>
<arg>${username_field}</arg>
<arg>${username}</arg>
</arguments>
<msg timestamp="20191217 18:39:19.662" level="INFO">Typing text '' into text field 'id=user_login'.</msg>
<status status="PASS" starttime="20191217 18:39:19.661" endtime="20191217 18:39:19.729"></status>
</kw>
<status status="PASS" starttime="20191217 18:39:19.661" endtime="20191217 18:39:19.729"></status>
</kw>
<kw name="Input Password" library="login_page">
<doc>Inputs password in password field in loginpage</doc>
<arguments>
<arg>${password}</arg>
</arguments>
<kw name="Input Text" library="SeleniumLibrary">
<doc>Types the given ``text`` into the text field identified by ``locator``.</doc>
<arguments>
<arg>${password_field}</arg>
<arg>${password}</arg>
</arguments>
<msg timestamp="20191217 18:39:19.729" level="INFO">Typing text '' into text field 'id=user_pass'.</msg>
<status status="PASS" starttime="20191217 18:39:19.729" endtime="20191217 18:39:19.794"></status>
</kw>
<status status="PASS" starttime="20191217 18:39:19.729" endtime="20191217 18:39:19.794"></status>
</kw>
<kw name="Submit Credentials" library="login_page">
<doc>clicks on submit btn on login page</doc>
<kw name="Click Button" library="SeleniumLibrary">
<doc>Clicks the button identified by ``locator``.</doc>
<arguments>
<arg>${login_button}</arg>
</arguments>
<msg timestamp="20191217 18:39:19.795" level="INFO">Clicking button 'name=wp-submit'.</msg>
<status status="PASS" starttime="20191217 18:39:19.795" endtime="20191217 18:39:20.112"></status>
</kw>
<status status="PASS" starttime="20191217 18:39:19.794" endtime="20191217 18:39:20.112"></status>
</kw>
<status status="PASS" starttime="20191217 18:39:19.660" endtime="20191217 18:39:20.112"></status>
</kw>
<kw name="Welcome Page Should not Open" library="login_page">
<doc>checks Welcome page is open after login</doc>
<kw name="Page Should Not Contain Element" library="SeleniumLibrary">
<doc>Verifies that element ``locator`` is found on the current page.</doc>
<arguments>
<arg>${sb_dashboard_link}</arg>
</arguments>
<msg timestamp="20191217 18:39:20.132" level="INFO">Current page does not contain element 'xpath=//div[@text='Dashboard']'.</msg>
<status status="PASS" starttime="20191217 18:39:20.113" endtime="20191217 18:39:20.132"></status>
</kw>
<status status="PASS" starttime="20191217 18:39:20.113" endtime="20191217 18:39:20.132"></status>
</kw>
<kw name="Close Browser" library="SeleniumLibrary" type="teardown">
<doc>Closes the current browser.</doc>
<status status="PASS" starttime="20191217 18:39:20.133" endtime="20191217 18:39:22.295"></status>
</kw>
<tags>
<tag>login</tag>
<tag>regression</tag>
<tag>sprint-1</tag>
<tag>web</tag>
</tags>
<status status="PASS" starttime="20191217 18:39:14.497" endtime="20191217 18:39:22.296" critical="yes"></status>
</test>
<doc>Tests to verify wordpress login with valid and invalid credentials</doc>
<status status="PASS" starttime="20191217 18:38:56.164" endtime="20191217 18:39:22.301"></status>
</suite>
<doc>Example suite</doc>
<status status="PASS" starttime="20191217 18:38:56.162" endtime="20191217 18:39:22.307"></status>
</suite>
<status status="PASS" starttime="20191217 18:38:56.139" endtime="20191217 18:39:22.309"></status>
</suite>
<statistics>
<total>
<stat pass="3" fail="0">Critical Tests</stat>
<stat pass="3" fail="0">All Tests</stat>
</total>
<tag>
<stat pass="3" fail="0">login</stat>
<stat pass="2" fail="0">regression</stat>
<stat pass="1" fail="0">smoke</stat>
<stat pass="3" fail="0">sprint-1</stat>
<stat pass="3" fail="0">web</stat>
</tag>
<suite>
<stat pass="3" fail="0" id="s1" name="Testcases">Testcases</stat>
<stat pass="3" fail="0" id="s1-s1" name="Web">Testcases.Web</stat>
<stat pass="3" fail="0" id="s1-s1-s1" name="Login Tests">Testcases.Web.Login Tests</stat>
</suite>
</statistics>
<errors>
<msg timestamp="20191217 18:38:56.129" level="WARN">Collapsing consecutive whitespace during parsing is deprecated. Fix ' *** Settings ***' in file 'D:\py_project\Robot-Framework\Robot-framework-poc\testcases\web\__init__.robot' on line 1.</msg>
</errors>
</robot>
